[debug] [2023-11-08T04:26:47.328Z] ----------------------------------------------------------------------
[debug] [2023-11-08T04:26:47.391Z] Command:       C:\Program Files\nodejs\node.exe C:\Users\sheku\AppData\Roaming\npm\node_modules\firebase-tools\lib\bin\firebase.js init
[debug] [2023-11-08T04:26:47.393Z] CLI Version:   12.6.2
[debug] [2023-11-08T04:26:47.394Z] Platform:      win32
[debug] [2023-11-08T04:26:47.395Z] Node Version:  v20.6.1
[debug] [2023-11-08T04:26:47.396Z] Time:          Wed Nov 08 2023 10:26:47 GMT+0600 (Bangladesh Standard Time)
[debug] [2023-11-08T04:26:47.396Z] ----------------------------------------------------------------------
[debug] 
[debug] [2023-11-08T04:26:47.417Z] >>> [apiv2][query] GET https://firebase-public.firebaseio.com/cli.json [none]
[debug] [2023-11-08T04:26:47.868Z] > command requires scopes: ["email","openid","https://www.googleapis.com/auth/cloudplatformprojects.readonly","https://www.googleapis.com/auth/firebase","https://www.googleapis.com/auth/cloud-platform"]
[debug] [2023-11-08T04:26:47.870Z] > authorizing via signed-in user (sheikh551845@gmail.com)
[info] 
     ######## #### ########  ######## ########     ###     ######  ########
     ##        ##  ##     ## ##       ##     ##  ##   ##  ##       ##
     ######    ##  ########  ######   ########  #########  ######  ######
     ##        ##  ##    ##  ##       ##     ## ##     ##       ## ##
     ##       #### ##     ## ######## ########  ##     ##  ######  ########

You're about to initialize a Firebase project in this directory:

  C:\Assignment-11\Assignment Assist Front-end

Before we get started, keep in mind:

  * You are currently outside your home directory

[debug] [2023-11-08T04:26:48.938Z] <<< [apiv2][status] GET https://firebase-public.firebaseio.com/cli.json 200
[debug] [2023-11-08T04:26:48.941Z] <<< [apiv2][body] GET https://firebase-public.firebaseio.com/cli.json {"cloudBuildErrorAfter":1594252800000,"cloudBuildWarnAfter":1590019200000,"defaultNode10After":1594252800000,"minVersion":"3.0.5","node8DeploysDisabledAfter":1613390400000,"node8RuntimeDisabledAfter":1615809600000,"node8WarnAfter":1600128000000}
[info] 
=== Project Setup
[info] 
[info] First, let's associate this project directory with a Firebase project.
[info] You can create multiple project aliases by running firebase use --add, 
[info] but for now we'll just set up a default project.
[info] 
[debug] [2023-11-08T04:28:15.554Z] > refreshing access token with scopes: []
[debug] [2023-11-08T04:28:15.558Z] >>> [apiv2][query] POST https://www.googleapis.com/oauth2/v3/token [none]
[debug] [2023-11-08T04:28:15.559Z] >>> [apiv2][body] POST https://www.googleapis.com/oauth2/v3/token [omitted]
[debug] [2023-11-08T04:28:16.162Z] <<< [apiv2][status] POST https://www.googleapis.com/oauth2/v3/token 200
[debug] [2023-11-08T04:28:16.163Z] <<< [apiv2][body] POST https://www.googleapis.com/oauth2/v3/token [omitted]
[debug] [2023-11-08T04:28:16.194Z] >>> [apiv2][query] GET https://firebase.googleapis.com/v1beta1/projects pageSize=100
[debug] [2023-11-08T04:28:17.261Z] <<< [apiv2][status] GET https://firebase.googleapis.com/v1beta1/projects 200
[debug] [2023-11-08T04:28:17.261Z] <<< [apiv2][body] GET https://firebase.googleapis.com/v1beta1/projects [omitted]
[info] i  Using project assignment-assist (Assignment-Assist) 
[info] 
=== Hosting Setup
[info] 
[info] Your public directory is the folder (relative to your project directory) that
[info] will contain Hosting assets to be uploaded with firebase deploy. If you
[info] have a build process for your assets, use your build's output directory.
[info] 
